2021-07-01 19:21:35.9200||INFO|Microsoft.Hosting.Lifetime|Now listening on: https://localhost:5001 
2021-07-01 19:21:35.9928||INFO|Microsoft.Hosting.Lifetime|Now listening on: http://localhost:5000 
2021-07-01 19:21:36.0037||INFO|Microsoft.Hosting.Lifetime|Application started. Press Ctrl+C to shut down. 
2021-07-01 19:21:36.0037||INFO|Microsoft.Hosting.Lifetime|Hosting environment: Development 
2021-07-01 19:21:36.0449||INFO|Microsoft.Hosting.Lifetime|Content root path: C:\Users\krzys\Desktop\CSharp\RestaurantAPI\RestaurantAPI 
2021-07-01 19:21:37.2028||ERROR|RestaurantAPI.Middleware.ErrorHandle|Cannot open database "dbd_Restaurant" requested by the login. The login failed.
Login failed for user 'DESKTOP-DABF71C\krzys'. 
2021-07-01 19:24:51.7312||INFO|Microsoft.Hosting.Lifetime|Now listening on: https://localhost:5001 
2021-07-01 19:24:51.7782||INFO|Microsoft.Hosting.Lifetime|Now listening on: http://localhost:5000 
2021-07-01 19:24:51.7869||INFO|Microsoft.Hosting.Lifetime|Application started. Press Ctrl+C to shut down. 
2021-07-01 19:24:51.7869||INFO|Microsoft.Hosting.Lifetime|Hosting environment: Development 
2021-07-01 19:24:51.8003||INFO|Microsoft.Hosting.Lifetime|Content root path: C:\Users\krzys\Desktop\CSharp\RestaurantAPI\RestaurantAPI 
2021-07-01 20:20:26.8669||INFO|Microsoft.Hosting.Lifetime|Now listening on: https://localhost:5001 
2021-07-01 20:20:26.9164||INFO|Microsoft.Hosting.Lifetime|Now listening on: http://localhost:5000 
2021-07-01 20:20:26.9271||INFO|Microsoft.Hosting.Lifetime|Application started. Press Ctrl+C to shut down. 
2021-07-01 20:20:26.9271||INFO|Microsoft.Hosting.Lifetime|Hosting environment: Development 
2021-07-01 20:20:26.9271||INFO|Microsoft.Hosting.Lifetime|Content root path: C:\Users\krzys\Desktop\CSharp\RestaurantAPI\RestaurantAPI 
2021-07-01 20:22:38.1585||INFO|Microsoft.Hosting.Lifetime|Now listening on: https://localhost:5001 
2021-07-01 20:22:38.2092||INFO|Microsoft.Hosting.Lifetime|Now listening on: http://localhost:5000 
2021-07-01 20:22:38.2092||INFO|Microsoft.Hosting.Lifetime|Application started. Press Ctrl+C to shut down. 
2021-07-01 20:22:38.2213||INFO|Microsoft.Hosting.Lifetime|Hosting environment: Development 
2021-07-01 20:22:38.2213||INFO|Microsoft.Hosting.Lifetime|Content root path: C:\Users\krzys\Desktop\CSharp\RestaurantAPI\RestaurantAPI 
2021-07-01 20:39:00.7308||INFO|Microsoft.Hosting.Lifetime|Now listening on: https://localhost:5001 
2021-07-01 20:39:00.7765||INFO|Microsoft.Hosting.Lifetime|Now listening on: http://localhost:5000 
2021-07-01 20:39:00.7853||INFO|Microsoft.Hosting.Lifetime|Application started. Press Ctrl+C to shut down. 
2021-07-01 20:39:00.7853||INFO|Microsoft.Hosting.Lifetime|Hosting environment: Development 
2021-07-01 20:39:00.7853||INFO|Microsoft.Hosting.Lifetime|Content root path: C:\Users\krzys\Desktop\CSharp\RestaurantAPI\RestaurantAPI 
2021-07-01 20:40:41.0897||INFO|Microsoft.Hosting.Lifetime|Now listening on: https://localhost:5001 
2021-07-01 20:40:41.1399||INFO|Microsoft.Hosting.Lifetime|Now listening on: http://localhost:5000 
2021-07-01 20:40:41.1547||INFO|Microsoft.Hosting.Lifetime|Application started. Press Ctrl+C to shut down. 
2021-07-01 20:40:41.1591||INFO|Microsoft.Hosting.Lifetime|Hosting environment: Development 
2021-07-01 20:40:41.1591||INFO|Microsoft.Hosting.Lifetime|Content root path: C:\Users\krzys\Desktop\CSharp\RestaurantAPI\RestaurantAPI 
2021-07-01 20:41:33.7700||INFO|Microsoft.Hosting.Lifetime|Now listening on: https://localhost:5001 
2021-07-01 20:41:33.8166||INFO|Microsoft.Hosting.Lifetime|Now listening on: http://localhost:5000 
2021-07-01 20:41:33.8166||INFO|Microsoft.Hosting.Lifetime|Application started. Press Ctrl+C to shut down. 
2021-07-01 20:41:33.8166||INFO|Microsoft.Hosting.Lifetime|Hosting environment: Development 
2021-07-01 20:41:33.8166||INFO|Microsoft.Hosting.Lifetime|Content root path: C:\Users\krzys\Desktop\CSharp\RestaurantAPI\RestaurantAPI 
2021-07-01 20:44:24.1550||INFO|Microsoft.Hosting.Lifetime|Now listening on: https://localhost:5001 
2021-07-01 20:44:24.2013||INFO|Microsoft.Hosting.Lifetime|Now listening on: http://localhost:5000 
2021-07-01 20:44:24.2112||INFO|Microsoft.Hosting.Lifetime|Application started. Press Ctrl+C to shut down. 
2021-07-01 20:44:24.2112||INFO|Microsoft.Hosting.Lifetime|Hosting environment: Development 
2021-07-01 20:44:24.2201||INFO|Microsoft.Hosting.Lifetime|Content root path: C:\Users\krzys\Desktop\CSharp\RestaurantAPI\RestaurantAPI 
2021-07-01 20:44:54.8887||INFO|Microsoft.Hosting.Lifetime|Now listening on: https://localhost:5001 
2021-07-01 20:44:54.9298||INFO|Microsoft.Hosting.Lifetime|Now listening on: http://localhost:5000 
2021-07-01 20:44:54.9298||INFO|Microsoft.Hosting.Lifetime|Application started. Press Ctrl+C to shut down. 
2021-07-01 20:44:54.9385||INFO|Microsoft.Hosting.Lifetime|Hosting environment: Development 
2021-07-01 20:44:54.9385||INFO|Microsoft.Hosting.Lifetime|Content root path: C:\Users\krzys\Desktop\CSharp\RestaurantAPI\RestaurantAPI 
2021-07-01 20:46:50.5340||INFO|Microsoft.Hosting.Lifetime|Now listening on: https://localhost:5001 
2021-07-01 20:46:50.5894||INFO|Microsoft.Hosting.Lifetime|Now listening on: http://localhost:5000 
2021-07-01 20:46:50.5985||INFO|Microsoft.Hosting.Lifetime|Application started. Press Ctrl+C to shut down. 
2021-07-01 20:46:50.5985||INFO|Microsoft.Hosting.Lifetime|Hosting environment: Development 
2021-07-01 20:46:50.5985||INFO|Microsoft.Hosting.Lifetime|Content root path: C:\Users\krzys\Desktop\CSharp\RestaurantAPI\RestaurantAPI 
